{"level":"info","message":"Logger initialized","timestamp":"2014-05-17T09:35:34.848Z"}
{"level":"info","message":"Initializing account processor...","timestamp":"2014-05-17T09:35:34.852Z"}
{"level":"info","message":"Account processor initialized","timestamp":"2014-05-17T09:35:34.852Z"}
{"level":"info","message":"Initializing transaction processor...","timestamp":"2014-05-17T09:35:34.852Z"}
{"level":"info","message":"Transaction processor initialized","timestamp":"2014-05-17T09:35:34.852Z"}
{"level":"info","message":"Initializing blockchain...","timestamp":"2014-05-17T09:35:34.853Z"}
{"level":"info","message":"Blockchain is trying to find genesis block...","timestamp":"2014-05-17T09:35:34.853Z"}
{"level":"info","message":"Genesis block added","timestamp":"2014-05-17T09:35:34.864Z"}
{"level":"info","message":"Blockchain initialized","timestamp":"2014-05-17T09:35:34.864Z"}
{"level":"info","message":"Initializing forger processor...","timestamp":"2014-05-17T09:35:34.864Z"}
{"level":"info","message":"Crypti started: 0.0.0.0:6040","timestamp":"2014-05-17T09:35:34.873Z"}
{"level":"info","message":"Account unlocked: 12965745748282895962C","timestamp":"2014-05-17T09:35:50.235Z"}
{"level":"info","message":"Logger initialized","timestamp":"2014-05-17T09:36:42.264Z"}
{"level":"info","message":"Initializing account processor...","timestamp":"2014-05-17T09:36:42.266Z"}
{"level":"info","message":"Account processor initialized","timestamp":"2014-05-17T09:36:42.266Z"}
{"level":"info","message":"Initializing transaction processor...","timestamp":"2014-05-17T09:36:42.267Z"}
{"level":"info","message":"Transaction processor initialized","timestamp":"2014-05-17T09:36:42.267Z"}
{"level":"info","message":"Initializing blockchain...","timestamp":"2014-05-17T09:36:42.267Z"}
{"level":"info","message":"Blockchain is trying to find genesis block...","timestamp":"2014-05-17T09:36:42.267Z"}
{"level":"info","message":"Genesis block added","timestamp":"2014-05-17T09:36:42.277Z"}
{"level":"info","message":"Blockchain initialized","timestamp":"2014-05-17T09:36:42.277Z"}
{"level":"info","message":"Initializing forger processor...","timestamp":"2014-05-17T09:36:42.277Z"}
{"level":"info","message":"Crypti started: 0.0.0.0:6040","timestamp":"2014-05-17T09:36:42.287Z"}
{"level":"info","message":"Account unlocked: 12965745748282895962C","timestamp":"2014-05-17T09:37:00.102Z"}
{"level":"info","message":"Logger initialized","timestamp":"2014-05-17T09:40:45.540Z"}
{"level":"info","message":"Initializing account processor...","timestamp":"2014-05-17T09:40:45.542Z"}
{"level":"info","message":"Account processor initialized","timestamp":"2014-05-17T09:40:45.542Z"}
{"level":"info","message":"Initializing transaction processor...","timestamp":"2014-05-17T09:40:45.542Z"}
{"level":"info","message":"Transaction processor initialized","timestamp":"2014-05-17T09:40:45.543Z"}
{"level":"info","message":"Initializing blockchain...","timestamp":"2014-05-17T09:40:45.543Z"}
{"level":"info","message":"Blockchain is trying to find genesis block...","timestamp":"2014-05-17T09:40:45.543Z"}
{"level":"info","message":"Genesis block added","timestamp":"2014-05-17T09:40:45.553Z"}
{"level":"info","message":"Blockchain initialized","timestamp":"2014-05-17T09:40:45.553Z"}
{"level":"info","message":"Initializing forger processor...","timestamp":"2014-05-17T09:40:45.553Z"}
{"level":"info","message":"Crypti started: 0.0.0.0:6040","timestamp":"2014-05-17T09:40:45.562Z"}
{"level":"info","message":"Account unlocked: 12965745748282895962C","timestamp":"2014-05-17T09:40:52.729Z"}
{"level":"info","message":"Logger initialized","timestamp":"2014-05-17T09:47:48.298Z"}
{"level":"info","message":"Initializing account processor...","timestamp":"2014-05-17T09:47:48.300Z"}
{"level":"info","message":"Account processor initialized","timestamp":"2014-05-17T09:47:48.300Z"}
{"level":"info","message":"Initializing transaction processor...","timestamp":"2014-05-17T09:47:48.300Z"}
{"level":"info","message":"Transaction processor initialized","timestamp":"2014-05-17T09:47:48.300Z"}
{"level":"info","message":"Initializing blockchain...","timestamp":"2014-05-17T09:47:48.301Z"}
{"level":"info","message":"Blockchain is trying to find genesis block...","timestamp":"2014-05-17T09:47:48.301Z"}
{"level":"info","message":"Genesis block added","timestamp":"2014-05-17T09:47:48.318Z"}
{"level":"info","message":"Blockchain initialized","timestamp":"2014-05-17T09:47:48.318Z"}
{"level":"info","message":"Initializing forger processor...","timestamp":"2014-05-17T09:47:48.319Z"}
{"level":"info","message":"Crypti started: 0.0.0.0:6040","timestamp":"2014-05-17T09:47:48.331Z"}
{"level":"info","message":"Account unlocked: 12965745748282895962C","timestamp":"2014-05-17T09:47:54.968Z"}
{"level":"info","message":"Logger initialized","timestamp":"2014-05-17T10:08:00.187Z"}
{"level":"info","message":"Initializing account processor...","timestamp":"2014-05-17T10:08:00.189Z"}
{"level":"info","message":"Account processor initialized","timestamp":"2014-05-17T10:08:00.189Z"}
{"level":"info","message":"Initializing transaction processor...","timestamp":"2014-05-17T10:08:00.189Z"}
{"level":"info","message":"Transaction processor initialized","timestamp":"2014-05-17T10:08:00.190Z"}
{"level":"info","message":"Initializing blockchain...","timestamp":"2014-05-17T10:08:00.190Z"}
{"level":"info","message":"Blockchain is trying to find genesis block...","timestamp":"2014-05-17T10:08:00.190Z"}
{"level":"info","message":"Genesis block added","timestamp":"2014-05-17T10:08:00.204Z"}
{"level":"info","message":"Blockchain initialized","timestamp":"2014-05-17T10:08:00.204Z"}
{"level":"info","message":"Initializing forger processor...","timestamp":"2014-05-17T10:08:00.205Z"}
{"level":"info","message":"Crypti started: 0.0.0.0:6040","timestamp":"2014-05-17T10:08:00.214Z"}
{"level":"info","message":"Account unlocked: 12965745748282895962C","timestamp":"2014-05-17T10:08:10.262Z"}
{"level":"info","message":"Logger initialized","timestamp":"2014-05-17T10:08:31.460Z"}
{"level":"info","message":"Initializing account processor...","timestamp":"2014-05-17T10:08:31.462Z"}
{"level":"info","message":"Account processor initialized","timestamp":"2014-05-17T10:08:31.462Z"}
{"level":"info","message":"Initializing transaction processor...","timestamp":"2014-05-17T10:08:31.463Z"}
{"level":"info","message":"Transaction processor initialized","timestamp":"2014-05-17T10:08:31.463Z"}
{"level":"info","message":"Initializing blockchain...","timestamp":"2014-05-17T10:08:31.463Z"}
{"level":"info","message":"Blockchain is trying to find genesis block...","timestamp":"2014-05-17T10:08:31.464Z"}
{"level":"info","message":"Genesis block added","timestamp":"2014-05-17T10:08:31.474Z"}
{"level":"info","message":"Blockchain initialized","timestamp":"2014-05-17T10:08:31.474Z"}
{"level":"info","message":"Initializing forger processor...","timestamp":"2014-05-17T10:08:31.474Z"}
{"level":"info","message":"Crypti started: 0.0.0.0:6040","timestamp":"2014-05-17T10:08:31.484Z"}
{"level":"info","message":"Account unlocked: 12965745748282895962C","timestamp":"2014-05-17T10:08:36.749Z"}
{"level":"info","message":"Logger initialized","timestamp":"2014-05-17T10:45:24.106Z"}
{"level":"info","message":"Initializing account processor...","timestamp":"2014-05-17T10:45:24.108Z"}
{"level":"info","message":"Account processor initialized","timestamp":"2014-05-17T10:45:24.108Z"}
{"level":"info","message":"Initializing transaction processor...","timestamp":"2014-05-17T10:45:24.108Z"}
{"level":"info","message":"Transaction processor initialized","timestamp":"2014-05-17T10:45:24.108Z"}
{"level":"info","message":"Initializing blockchain...","timestamp":"2014-05-17T10:45:24.109Z"}
{"level":"info","message":"Blockchain is trying to find genesis block...","timestamp":"2014-05-17T10:45:24.109Z"}
{"level":"info","message":"Genesis block added","timestamp":"2014-05-17T10:45:24.124Z"}
{"level":"info","message":"Blockchain initialized","timestamp":"2014-05-17T10:45:24.124Z"}
{"level":"info","message":"Initializing forger processor...","timestamp":"2014-05-17T10:45:24.125Z"}
{"level":"info","message":"Crypti started: 0.0.0.0:6040","timestamp":"2014-05-17T10:45:24.140Z"}
{"level":"info","message":"Account unlocked: 12965745748282895962C","timestamp":"2014-05-17T10:45:34.787Z"}
{"level":"info","message":"Logger initialized","timestamp":"2014-05-17T10:46:18.462Z"}
{"level":"info","message":"Initializing account processor...","timestamp":"2014-05-17T10:46:18.463Z"}
{"level":"info","message":"Account processor initialized","timestamp":"2014-05-17T10:46:18.464Z"}
{"level":"info","message":"Initializing transaction processor...","timestamp":"2014-05-17T10:46:18.464Z"}
{"level":"info","message":"Transaction processor initialized","timestamp":"2014-05-17T10:46:18.464Z"}
{"level":"info","message":"Initializing blockchain...","timestamp":"2014-05-17T10:46:18.464Z"}
{"level":"info","message":"Blockchain is trying to find genesis block...","timestamp":"2014-05-17T10:46:18.465Z"}
{"level":"info","message":"Genesis block added","timestamp":"2014-05-17T10:46:18.498Z"}
{"level":"info","message":"Blockchain initialized","timestamp":"2014-05-17T10:46:18.498Z"}
{"level":"info","message":"Initializing forger processor...","timestamp":"2014-05-17T10:46:18.498Z"}
{"level":"info","message":"Crypti started: 0.0.0.0:6040","timestamp":"2014-05-17T10:46:18.559Z"}
{"level":"info","message":"Account unlocked: 12965745748282895962C","timestamp":"2014-05-17T10:46:21.034Z"}
{"level":"info","message":"Logger initialized","timestamp":"2014-05-17T10:47:06.141Z"}
{"level":"info","message":"Initializing account processor...","timestamp":"2014-05-17T10:47:06.143Z"}
{"level":"info","message":"Account processor initialized","timestamp":"2014-05-17T10:47:06.143Z"}
{"level":"info","message":"Initializing transaction processor...","timestamp":"2014-05-17T10:47:06.144Z"}
{"level":"info","message":"Transaction processor initialized","timestamp":"2014-05-17T10:47:06.144Z"}
{"level":"info","message":"Initializing blockchain...","timestamp":"2014-05-17T10:47:06.144Z"}
{"level":"info","message":"Blockchain is trying to find genesis block...","timestamp":"2014-05-17T10:47:06.144Z"}
{"level":"info","message":"Genesis block added","timestamp":"2014-05-17T10:47:06.153Z"}
{"level":"info","message":"Blockchain initialized","timestamp":"2014-05-17T10:47:06.153Z"}
{"level":"info","message":"Initializing forger processor...","timestamp":"2014-05-17T10:47:06.154Z"}
{"level":"info","message":"Crypti started: 0.0.0.0:6040","timestamp":"2014-05-17T10:47:06.166Z"}
{"level":"info","message":"Account unlocked: 12965745748282895962C","timestamp":"2014-05-17T10:47:09.476Z"}
{"level":"info","message":"Logger initialized","timestamp":"2014-05-17T10:56:53.357Z"}
{"level":"info","message":"Initializing account processor...","timestamp":"2014-05-17T10:56:53.360Z"}
{"level":"info","message":"Account processor initialized","timestamp":"2014-05-17T10:56:53.363Z"}
{"level":"info","message":"Initializing transaction processor...","timestamp":"2014-05-17T10:56:53.364Z"}
{"level":"info","message":"Transaction processor initialized","timestamp":"2014-05-17T10:56:53.364Z"}
{"level":"info","message":"Initializing blockchain...","timestamp":"2014-05-17T10:56:53.365Z"}
{"level":"info","message":"Blockchain is trying to find genesis block...","timestamp":"2014-05-17T10:56:53.365Z"}
{"level":"info","message":"Genesis block added","timestamp":"2014-05-17T10:56:53.400Z"}
{"level":"info","message":"Blockchain initialized","timestamp":"2014-05-17T10:56:53.400Z"}
{"level":"info","message":"Initializing forger processor...","timestamp":"2014-05-17T10:56:53.400Z"}
{"level":"info","message":"Crypti started: 0.0.0.0:6040","timestamp":"2014-05-17T10:56:53.413Z"}
{"level":"info","message":"Account unlocked: 12965745748282895962C","timestamp":"2014-05-17T10:56:58.827Z"}
{"level":"info","message":"Logger initialized","timestamp":"2014-05-17T10:57:13.413Z"}
{"level":"info","message":"Initializing account processor...","timestamp":"2014-05-17T10:57:13.415Z"}
{"level":"info","message":"Account processor initialized","timestamp":"2014-05-17T10:57:13.416Z"}
{"level":"info","message":"Initializing transaction processor...","timestamp":"2014-05-17T10:57:13.416Z"}
{"level":"info","message":"Transaction processor initialized","timestamp":"2014-05-17T10:57:13.416Z"}
{"level":"info","message":"Initializing blockchain...","timestamp":"2014-05-17T10:57:13.416Z"}
{"level":"info","message":"Blockchain is trying to find genesis block...","timestamp":"2014-05-17T10:57:13.417Z"}
{"level":"info","message":"Genesis block added","timestamp":"2014-05-17T10:57:13.440Z"}
{"level":"info","message":"Blockchain initialized","timestamp":"2014-05-17T10:57:13.440Z"}
{"level":"info","message":"Initializing forger processor...","timestamp":"2014-05-17T10:57:13.440Z"}
{"level":"info","message":"Crypti started: 0.0.0.0:6040","timestamp":"2014-05-17T10:57:13.453Z"}
{"level":"info","message":"Account unlocked: 12965745748282895962C","timestamp":"2014-05-17T10:57:17.128Z"}
{"level":"info","message":"Logger initialized","timestamp":"2014-05-17T10:58:30.029Z"}
{"level":"info","message":"Initializing account processor...","timestamp":"2014-05-17T10:58:30.031Z"}
{"level":"info","message":"Account processor initialized","timestamp":"2014-05-17T10:58:30.031Z"}
{"level":"info","message":"Initializing transaction processor...","timestamp":"2014-05-17T10:58:30.032Z"}
{"level":"info","message":"Transaction processor initialized","timestamp":"2014-05-17T10:58:30.032Z"}
{"level":"info","message":"Initializing blockchain...","timestamp":"2014-05-17T10:58:30.032Z"}
{"level":"info","message":"Blockchain is trying to find genesis block...","timestamp":"2014-05-17T10:58:30.032Z"}
{"level":"info","message":"Genesis block added","timestamp":"2014-05-17T10:58:30.041Z"}
{"level":"info","message":"Blockchain initialized","timestamp":"2014-05-17T10:58:30.041Z"}
{"level":"info","message":"Initializing forger processor...","timestamp":"2014-05-17T10:58:30.041Z"}
{"level":"info","message":"Crypti started: 0.0.0.0:6040","timestamp":"2014-05-17T10:58:30.053Z"}
{"level":"info","message":"Account unlocked: 12965745748282895962C","timestamp":"2014-05-17T10:58:34.510Z"}
{"level":"info","message":"Logger initialized","timestamp":"2014-05-17T10:59:42.817Z"}
{"level":"info","message":"Initializing account processor...","timestamp":"2014-05-17T10:59:42.819Z"}
{"level":"info","message":"Account processor initialized","timestamp":"2014-05-17T10:59:42.819Z"}
{"level":"info","message":"Initializing transaction processor...","timestamp":"2014-05-17T10:59:42.819Z"}
{"level":"info","message":"Transaction processor initialized","timestamp":"2014-05-17T10:59:42.819Z"}
{"level":"info","message":"Initializing blockchain...","timestamp":"2014-05-17T10:59:42.820Z"}
{"level":"info","message":"Blockchain is trying to find genesis block...","timestamp":"2014-05-17T10:59:42.820Z"}
{"level":"info","message":"Genesis block added","timestamp":"2014-05-17T10:59:42.830Z"}
{"level":"info","message":"Blockchain initialized","timestamp":"2014-05-17T10:59:42.830Z"}
{"level":"info","message":"Initializing forger processor...","timestamp":"2014-05-17T10:59:42.831Z"}
{"level":"info","message":"Crypti started: 0.0.0.0:6040","timestamp":"2014-05-17T10:59:42.843Z"}
{"level":"info","message":"Account unlocked: 12965745748282895962C","timestamp":"2014-05-17T10:59:47.802Z"}
{"level":"info","message":"Logger initialized","timestamp":"2014-05-17T11:00:26.260Z"}
{"level":"info","message":"Initializing account processor...","timestamp":"2014-05-17T11:00:26.263Z"}
{"level":"info","message":"Account processor initialized","timestamp":"2014-05-17T11:00:26.263Z"}
{"level":"info","message":"Initializing transaction processor...","timestamp":"2014-05-17T11:00:26.263Z"}
{"level":"info","message":"Transaction processor initialized","timestamp":"2014-05-17T11:00:26.264Z"}
{"level":"info","message":"Initializing blockchain...","timestamp":"2014-05-17T11:00:26.264Z"}
{"level":"info","message":"Blockchain is trying to find genesis block...","timestamp":"2014-05-17T11:00:26.264Z"}
{"level":"info","message":"Genesis block added","timestamp":"2014-05-17T11:00:26.303Z"}
{"level":"info","message":"Blockchain initialized","timestamp":"2014-05-17T11:00:26.303Z"}
{"level":"info","message":"Initializing forger processor...","timestamp":"2014-05-17T11:00:26.303Z"}
{"level":"info","message":"Crypti started: 0.0.0.0:6040","timestamp":"2014-05-17T11:00:26.317Z"}
{"level":"info","message":"Account unlocked: 12965745748282895962C","timestamp":"2014-05-17T11:00:32.198Z"}
{"level":"info","message":"Logger initialized","timestamp":"2014-05-17T11:02:48.026Z"}
{"level":"info","message":"Initializing account processor...","timestamp":"2014-05-17T11:02:48.028Z"}
{"level":"info","message":"Account processor initialized","timestamp":"2014-05-17T11:02:48.028Z"}
{"level":"info","message":"Initializing transaction processor...","timestamp":"2014-05-17T11:02:48.029Z"}
{"level":"info","message":"Transaction processor initialized","timestamp":"2014-05-17T11:02:48.029Z"}
{"level":"info","message":"Initializing blockchain...","timestamp":"2014-05-17T11:02:48.029Z"}
{"level":"info","message":"Blockchain is trying to find genesis block...","timestamp":"2014-05-17T11:02:48.029Z"}
{"level":"info","message":"Genesis block added","timestamp":"2014-05-17T11:02:48.039Z"}
{"level":"info","message":"Blockchain initialized","timestamp":"2014-05-17T11:02:48.039Z"}
{"level":"info","message":"Initializing forger processor...","timestamp":"2014-05-17T11:02:48.039Z"}
{"level":"info","message":"Crypti started: 0.0.0.0:6040","timestamp":"2014-05-17T11:02:48.102Z"}
{"level":"info","message":"Account unlocked: 12965745748282895962C","timestamp":"2014-05-17T11:02:50.953Z"}
{"level":"info","message":"Account unlocked: 12965745748282895962C","timestamp":"2014-05-17T11:04:04.022Z"}
{"level":"info","message":"Logger initialized","timestamp":"2014-05-17T11:04:09.239Z"}
{"level":"info","message":"Initializing account processor...","timestamp":"2014-05-17T11:04:09.241Z"}
{"level":"info","message":"Account processor initialized","timestamp":"2014-05-17T11:04:09.241Z"}
{"level":"info","message":"Initializing transaction processor...","timestamp":"2014-05-17T11:04:09.242Z"}
{"level":"info","message":"Transaction processor initialized","timestamp":"2014-05-17T11:04:09.242Z"}
{"level":"info","message":"Initializing blockchain...","timestamp":"2014-05-17T11:04:09.242Z"}
{"level":"info","message":"Blockchain is trying to find genesis block...","timestamp":"2014-05-17T11:04:09.242Z"}
{"level":"info","message":"Genesis block added","timestamp":"2014-05-17T11:04:09.251Z"}
{"level":"info","message":"Blockchain initialized","timestamp":"2014-05-17T11:04:09.251Z"}
{"level":"info","message":"Initializing forger processor...","timestamp":"2014-05-17T11:04:09.251Z"}
{"level":"info","message":"Crypti started: 0.0.0.0:6040","timestamp":"2014-05-17T11:04:09.264Z"}
{"level":"info","message":"Account unlocked: 12965745748282895962C","timestamp":"2014-05-17T11:04:11.834Z"}
{"level":"info","message":"Logger initialized","timestamp":"2014-05-17T11:04:39.846Z"}
{"level":"info","message":"Initializing account processor...","timestamp":"2014-05-17T11:04:39.847Z"}
{"level":"info","message":"Account processor initialized","timestamp":"2014-05-17T11:04:39.848Z"}
{"level":"info","message":"Initializing transaction processor...","timestamp":"2014-05-17T11:04:39.848Z"}
{"level":"info","message":"Transaction processor initialized","timestamp":"2014-05-17T11:04:39.848Z"}
{"level":"info","message":"Initializing blockchain...","timestamp":"2014-05-17T11:04:39.848Z"}
{"level":"info","message":"Blockchain is trying to find genesis block...","timestamp":"2014-05-17T11:04:39.849Z"}
{"level":"info","message":"Genesis block added","timestamp":"2014-05-17T11:04:39.858Z"}
{"level":"info","message":"Blockchain initialized","timestamp":"2014-05-17T11:04:39.858Z"}
{"level":"info","message":"Initializing forger processor...","timestamp":"2014-05-17T11:04:39.858Z"}
{"level":"info","message":"Crypti started: 0.0.0.0:6040","timestamp":"2014-05-17T11:04:39.871Z"}
{"level":"info","message":"Account unlocked: 12965745748282895962C","timestamp":"2014-05-17T11:04:42.934Z"}
{"level":"info","message":"Logger initialized","timestamp":"2014-05-17T11:06:38.714Z"}
{"level":"info","message":"Initializing account processor...","timestamp":"2014-05-17T11:06:38.716Z"}
{"level":"info","message":"Account processor initialized","timestamp":"2014-05-17T11:06:38.716Z"}
{"level":"info","message":"Initializing transaction processor...","timestamp":"2014-05-17T11:06:38.716Z"}
{"level":"info","message":"Transaction processor initialized","timestamp":"2014-05-17T11:06:38.717Z"}
{"level":"info","message":"Initializing blockchain...","timestamp":"2014-05-17T11:06:38.717Z"}
{"level":"info","message":"Blockchain is trying to find genesis block...","timestamp":"2014-05-17T11:06:38.717Z"}
{"level":"info","message":"Genesis block added","timestamp":"2014-05-17T11:06:38.726Z"}
{"level":"info","message":"Blockchain initialized","timestamp":"2014-05-17T11:06:38.726Z"}
{"level":"info","message":"Initializing forger processor...","timestamp":"2014-05-17T11:06:38.726Z"}
{"level":"info","message":"Crypti started: 0.0.0.0:6040","timestamp":"2014-05-17T11:06:38.738Z"}
{"level":"info","message":"Account unlocked: 12965745748282895962C","timestamp":"2014-05-17T11:06:42.555Z"}
{"level":"info","message":"Logger initialized","timestamp":"2014-05-17T11:25:07.019Z"}
{"level":"info","message":"Initializing account processor...","timestamp":"2014-05-17T11:25:07.021Z"}
{"level":"info","message":"Account processor initialized","timestamp":"2014-05-17T11:25:07.021Z"}
{"level":"info","message":"Initializing transaction processor...","timestamp":"2014-05-17T11:25:07.021Z"}
{"level":"info","message":"Transaction processor initialized","timestamp":"2014-05-17T11:25:07.021Z"}
{"level":"info","message":"Initializing blockchain...","timestamp":"2014-05-17T11:25:07.022Z"}
{"level":"info","message":"Blockchain is trying to find genesis block...","timestamp":"2014-05-17T11:25:07.022Z"}
{"level":"info","message":"Genesis block added","timestamp":"2014-05-17T11:25:07.032Z"}
{"level":"info","message":"Blockchain initialized","timestamp":"2014-05-17T11:25:07.032Z"}
{"level":"info","message":"Initializing forger processor...","timestamp":"2014-05-17T11:25:07.036Z"}
{"level":"info","message":"Crypti started: 0.0.0.0:6040","timestamp":"2014-05-17T11:25:07.046Z"}
{"level":"info","message":"Account unlocked: 12965745748282895962C","timestamp":"2014-05-17T11:25:11.364Z"}
{"level":"info","message":"Logger initialized","timestamp":"2014-05-17T11:25:51.070Z"}
{"level":"info","message":"Initializing account processor...","timestamp":"2014-05-17T11:25:51.072Z"}
{"level":"info","message":"Account processor initialized","timestamp":"2014-05-17T11:25:51.072Z"}
{"level":"info","message":"Initializing transaction processor...","timestamp":"2014-05-17T11:25:51.072Z"}
{"level":"info","message":"Transaction processor initialized","timestamp":"2014-05-17T11:25:51.073Z"}
{"level":"info","message":"Initializing blockchain...","timestamp":"2014-05-17T11:25:51.073Z"}
{"level":"info","message":"Blockchain is trying to find genesis block...","timestamp":"2014-05-17T11:25:51.073Z"}
{"level":"info","message":"Genesis block added","timestamp":"2014-05-17T11:25:51.082Z"}
{"level":"info","message":"Blockchain initialized","timestamp":"2014-05-17T11:25:51.082Z"}
{"level":"info","message":"Initializing forger processor...","timestamp":"2014-05-17T11:25:51.085Z"}
{"level":"info","message":"Crypti started: 0.0.0.0:6040","timestamp":"2014-05-17T11:25:51.095Z"}
{"level":"info","message":"Account unlocked: 12965745748282895962C","timestamp":"2014-05-17T11:25:54.164Z"}
{"level":"info","message":"Logger initialized","timestamp":"2014-05-17T11:26:18.324Z"}
{"level":"info","message":"Initializing account processor...","timestamp":"2014-05-17T11:26:18.326Z"}
{"level":"info","message":"Account processor initialized","timestamp":"2014-05-17T11:26:18.327Z"}
{"level":"info","message":"Initializing transaction processor...","timestamp":"2014-05-17T11:26:18.327Z"}
{"level":"info","message":"Transaction processor initialized","timestamp":"2014-05-17T11:26:18.327Z"}
{"level":"info","message":"Initializing blockchain...","timestamp":"2014-05-17T11:26:18.327Z"}
{"level":"info","message":"Blockchain is trying to find genesis block...","timestamp":"2014-05-17T11:26:18.328Z"}
{"level":"info","message":"Genesis block added","timestamp":"2014-05-17T11:26:18.342Z"}
{"level":"info","message":"Blockchain initialized","timestamp":"2014-05-17T11:26:18.342Z"}
{"level":"info","message":"Initializing forger processor...","timestamp":"2014-05-17T11:26:18.346Z"}
{"level":"info","message":"Crypti started: 0.0.0.0:6040","timestamp":"2014-05-17T11:26:18.355Z"}
{"level":"info","message":"Account unlocked: 12965745748282895962C","timestamp":"2014-05-17T11:26:19.949Z"}
{"level":"info","message":"Logger initialized","timestamp":"2014-05-17T11:28:22.426Z"}
{"level":"info","message":"Initializing account processor...","timestamp":"2014-05-17T11:28:22.464Z"}
{"level":"info","message":"Account processor initialized","timestamp":"2014-05-17T11:28:22.473Z"}
{"level":"info","message":"Initializing transaction processor...","timestamp":"2014-05-17T11:28:22.473Z"}
{"level":"info","message":"Transaction processor initialized","timestamp":"2014-05-17T11:28:22.473Z"}
{"level":"info","message":"Initializing blockchain...","timestamp":"2014-05-17T11:28:22.474Z"}
{"level":"info","message":"Blockchain is trying to find genesis block...","timestamp":"2014-05-17T11:28:22.474Z"}
{"level":"info","message":"Genesis block added","timestamp":"2014-05-17T11:28:22.542Z"}
{"level":"info","message":"Blockchain initialized","timestamp":"2014-05-17T11:28:22.548Z"}
{"level":"info","message":"Initializing forger processor...","timestamp":"2014-05-17T11:28:22.555Z"}
{"level":"info","message":"Crypti started: 0.0.0.0:6040","timestamp":"2014-05-17T11:28:22.567Z"}
{"level":"info","message":"Account unlocked: 12965745748282895962C","timestamp":"2014-05-17T11:28:24.857Z"}
{"level":"info","message":"Logger initialized","timestamp":"2014-05-17T11:28:56.230Z"}
{"level":"info","message":"Initializing account processor...","timestamp":"2014-05-17T11:28:56.235Z"}
{"level":"info","message":"Account processor initialized","timestamp":"2014-05-17T11:28:56.235Z"}
{"level":"info","message":"Initializing transaction processor...","timestamp":"2014-05-17T11:28:56.235Z"}
{"level":"info","message":"Transaction processor initialized","timestamp":"2014-05-17T11:28:56.236Z"}
{"level":"info","message":"Initializing blockchain...","timestamp":"2014-05-17T11:28:56.236Z"}
{"level":"info","message":"Blockchain is trying to find genesis block...","timestamp":"2014-05-17T11:28:56.236Z"}
{"level":"info","message":"Genesis block added","timestamp":"2014-05-17T11:28:56.246Z"}
{"level":"info","message":"Blockchain initialized","timestamp":"2014-05-17T11:28:56.246Z"}
{"level":"info","message":"Initializing forger processor...","timestamp":"2014-05-17T11:28:56.249Z"}
{"level":"info","message":"Crypti started: 0.0.0.0:6040","timestamp":"2014-05-17T11:28:56.258Z"}
{"level":"info","message":"Account unlocked: 12965745748282895962C","timestamp":"2014-05-17T11:28:59.319Z"}
{"level":"info","message":"Logger initialized","timestamp":"2014-05-17T11:31:03.189Z"}
{"level":"info","message":"Initializing account processor...","timestamp":"2014-05-17T11:31:03.191Z"}
{"level":"info","message":"Account processor initialized","timestamp":"2014-05-17T11:31:03.192Z"}
{"level":"info","message":"Initializing transaction processor...","timestamp":"2014-05-17T11:31:03.192Z"}
{"level":"info","message":"Transaction processor initialized","timestamp":"2014-05-17T11:31:03.192Z"}
{"level":"info","message":"Initializing blockchain...","timestamp":"2014-05-17T11:31:03.192Z"}
{"level":"info","message":"Blockchain is trying to find genesis block...","timestamp":"2014-05-17T11:31:03.192Z"}
{"level":"info","message":"Genesis block added","timestamp":"2014-05-17T11:31:03.201Z"}
{"level":"info","message":"Blockchain initialized","timestamp":"2014-05-17T11:31:03.201Z"}
{"level":"info","message":"Initializing forger processor...","timestamp":"2014-05-17T11:31:03.205Z"}
{"level":"info","message":"Crypti started: 0.0.0.0:6040","timestamp":"2014-05-17T11:31:03.213Z"}
{"level":"info","message":"Account unlocked: 12965745748282895962C","timestamp":"2014-05-17T11:31:08.541Z"}
{"level":"info","message":"Logger initialized","timestamp":"2014-05-17T11:34:01.902Z"}
{"level":"info","message":"Initializing account processor...","timestamp":"2014-05-17T11:34:01.904Z"}
{"level":"info","message":"Account processor initialized","timestamp":"2014-05-17T11:34:01.904Z"}
{"level":"info","message":"Initializing transaction processor...","timestamp":"2014-05-17T11:34:01.904Z"}
{"level":"info","message":"Transaction processor initialized","timestamp":"2014-05-17T11:34:01.905Z"}
{"level":"info","message":"Initializing blockchain...","timestamp":"2014-05-17T11:34:01.905Z"}
{"level":"info","message":"Blockchain is trying to find genesis block...","timestamp":"2014-05-17T11:34:01.905Z"}
{"level":"info","message":"Genesis block added","timestamp":"2014-05-17T11:34:01.917Z"}
{"level":"info","message":"Blockchain initialized","timestamp":"2014-05-17T11:34:01.917Z"}
{"level":"info","message":"Initializing forger processor...","timestamp":"2014-05-17T11:34:01.920Z"}
{"level":"info","message":"Crypti started: 0.0.0.0:6040","timestamp":"2014-05-17T11:34:01.931Z"}
{"level":"info","message":"Account unlocked: 12965745748282895962C","timestamp":"2014-05-17T11:34:13.918Z"}
{"level":"info","message":"Logger initialized","timestamp":"2014-05-17T11:35:06.594Z"}
{"level":"info","message":"Initializing account processor...","timestamp":"2014-05-17T11:35:06.606Z"}
{"level":"info","message":"Account processor initialized","timestamp":"2014-05-17T11:35:06.606Z"}
{"level":"info","message":"Initializing transaction processor...","timestamp":"2014-05-17T11:35:06.606Z"}
{"level":"info","message":"Transaction processor initialized","timestamp":"2014-05-17T11:35:06.607Z"}
{"level":"info","message":"Initializing blockchain...","timestamp":"2014-05-17T11:35:06.607Z"}
{"level":"info","message":"Blockchain is trying to find genesis block...","timestamp":"2014-05-17T11:35:06.607Z"}
{"level":"info","message":"Genesis block added","timestamp":"2014-05-17T11:35:06.628Z"}
{"level":"info","message":"Blockchain initialized","timestamp":"2014-05-17T11:35:06.628Z"}
{"level":"info","message":"Initializing forger processor...","timestamp":"2014-05-17T11:35:06.639Z"}
{"level":"info","message":"Crypti started: 0.0.0.0:6040","timestamp":"2014-05-17T11:35:06.655Z"}
{"level":"info","message":"Account unlocked: 12965745748282895962C","timestamp":"2014-05-17T11:35:09.485Z"}
{"level":"info","message":"Logger initialized","timestamp":"2014-05-17T11:35:35.365Z"}
{"level":"info","message":"Initializing account processor...","timestamp":"2014-05-17T11:35:35.367Z"}
{"level":"info","message":"Account processor initialized","timestamp":"2014-05-17T11:35:35.367Z"}
{"level":"info","message":"Initializing transaction processor...","timestamp":"2014-05-17T11:35:35.367Z"}
{"level":"info","message":"Transaction processor initialized","timestamp":"2014-05-17T11:35:35.367Z"}
{"level":"info","message":"Initializing blockchain...","timestamp":"2014-05-17T11:35:35.367Z"}
{"level":"info","message":"Blockchain is trying to find genesis block...","timestamp":"2014-05-17T11:35:35.368Z"}
{"level":"info","message":"Genesis block added","timestamp":"2014-05-17T11:35:35.377Z"}
{"level":"info","message":"Blockchain initialized","timestamp":"2014-05-17T11:35:35.377Z"}
{"level":"info","message":"Initializing forger processor...","timestamp":"2014-05-17T11:35:35.381Z"}
{"level":"info","message":"Crypti started: 0.0.0.0:6040","timestamp":"2014-05-17T11:35:35.389Z"}
{"level":"info","message":"Logger initialized","timestamp":"2014-05-17T11:35:46.761Z"}
{"level":"info","message":"Initializing account processor...","timestamp":"2014-05-17T11:35:46.763Z"}
{"level":"info","message":"Account processor initialized","timestamp":"2014-05-17T11:35:46.763Z"}
{"level":"info","message":"Initializing transaction processor...","timestamp":"2014-05-17T11:35:46.764Z"}
{"level":"info","message":"Transaction processor initialized","timestamp":"2014-05-17T11:35:46.764Z"}
{"level":"info","message":"Initializing blockchain...","timestamp":"2014-05-17T11:35:46.764Z"}
{"level":"info","message":"Blockchain is trying to find genesis block...","timestamp":"2014-05-17T11:35:46.764Z"}
{"level":"info","message":"Genesis block added","timestamp":"2014-05-17T11:35:46.773Z"}
{"level":"info","message":"Blockchain initialized","timestamp":"2014-05-17T11:35:46.773Z"}
{"level":"info","message":"Initializing forger processor...","timestamp":"2014-05-17T11:35:46.776Z"}
{"level":"info","message":"Crypti started: 0.0.0.0:6040","timestamp":"2014-05-17T11:35:46.785Z"}
{"level":"info","message":"Account unlocked: 12965745748282895962C","timestamp":"2014-05-17T11:35:48.982Z"}
{"level":"info","message":"Logger initialized","timestamp":"2014-05-17T11:39:30.690Z"}
{"level":"info","message":"Initializing account processor...","timestamp":"2014-05-17T11:39:30.692Z"}
{"level":"info","message":"Account processor initialized","timestamp":"2014-05-17T11:39:30.692Z"}
{"level":"info","message":"Initializing transaction processor...","timestamp":"2014-05-17T11:39:30.692Z"}
{"level":"info","message":"Transaction processor initialized","timestamp":"2014-05-17T11:39:30.692Z"}
{"level":"info","message":"Initializing blockchain...","timestamp":"2014-05-17T11:39:30.693Z"}
{"level":"info","message":"Blockchain is trying to find genesis block...","timestamp":"2014-05-17T11:39:30.693Z"}
{"level":"info","message":"Genesis block added","timestamp":"2014-05-17T11:39:30.706Z"}
{"level":"info","message":"Blockchain initialized","timestamp":"2014-05-17T11:39:30.706Z"}
{"level":"info","message":"Initializing forger processor...","timestamp":"2014-05-17T11:39:30.706Z"}
{"level":"info","message":"Crypti started: 0.0.0.0:6040","timestamp":"2014-05-17T11:39:30.718Z"}
{"level":"info","message":"Account unlocked: 12965745748282895962C","timestamp":"2014-05-17T11:39:35.462Z"}
{"level":"info","message":"Logger initialized","timestamp":"2014-05-17T11:39:53.011Z"}
{"level":"info","message":"Initializing account processor...","timestamp":"2014-05-17T11:39:53.013Z"}
{"level":"info","message":"Account processor initialized","timestamp":"2014-05-17T11:39:53.014Z"}
{"level":"info","message":"Initializing transaction processor...","timestamp":"2014-05-17T11:39:53.014Z"}
{"level":"info","message":"Transaction processor initialized","timestamp":"2014-05-17T11:39:53.014Z"}
{"level":"info","message":"Initializing blockchain...","timestamp":"2014-05-17T11:39:53.014Z"}
{"level":"info","message":"Blockchain is trying to find genesis block...","timestamp":"2014-05-17T11:39:53.014Z"}
{"level":"info","message":"Genesis block added","timestamp":"2014-05-17T11:39:53.024Z"}
{"level":"info","message":"Blockchain initialized","timestamp":"2014-05-17T11:39:53.024Z"}
{"level":"info","message":"Initializing forger processor...","timestamp":"2014-05-17T11:39:53.024Z"}
{"level":"info","message":"Crypti started: 0.0.0.0:6040","timestamp":"2014-05-17T11:39:53.032Z"}
{"level":"info","message":"Account unlocked: 12965745748282895962C","timestamp":"2014-05-17T11:39:57.479Z"}
{"level":"info","message":"Logger initialized","timestamp":"2014-05-20T14:39:19.054Z"}
{"level":"info","message":"Initializing account processor...","timestamp":"2014-05-20T14:39:19.056Z"}
{"level":"info","message":"Account processor initialized","timestamp":"2014-05-20T14:39:19.056Z"}
{"level":"info","message":"Initializing transaction processor...","timestamp":"2014-05-20T14:39:19.056Z"}
{"level":"info","message":"Transaction processor initialized","timestamp":"2014-05-20T14:39:19.060Z"}
{"level":"info","message":"Initializing blockchain...","timestamp":"2014-05-20T14:39:19.063Z"}
{"level":"info","message":"Blockchain is trying to find genesis block...","timestamp":"2014-05-20T14:39:19.065Z"}
{"level":"info","message":"Genesis block added","timestamp":"2014-05-20T14:39:19.079Z"}
{"level":"info","message":"Blockchain initialized","timestamp":"2014-05-20T14:39:19.080Z"}
{"level":"info","message":"Initializing forger processor...","timestamp":"2014-05-20T14:39:19.080Z"}
{"level":"info","message":"Initializing address processor...","timestamp":"2014-05-20T14:39:19.080Z"}
{"level":"info","message":"Crypti started: 0.0.0.0:6040","timestamp":"2014-05-20T14:39:19.092Z"}
{"level":"info","message":"Account unlocked: 12965745748282895962C","timestamp":"2014-05-20T14:39:46.326Z"}
{"level":"info","message":"Logger initialized","timestamp":"2014-05-23T23:02:30.107Z"}
{"level":"info","message":"Initializing account processor...","timestamp":"2014-05-23T23:02:30.119Z"}
{"level":"info","message":"Account processor initialized","timestamp":"2014-05-23T23:02:30.119Z"}
{"level":"info","message":"Initializing transaction processor...","timestamp":"2014-05-23T23:02:30.119Z"}
{"level":"info","message":"Transaction processor initialized","timestamp":"2014-05-23T23:02:30.120Z"}
{"level":"info","message":"Initializing blockchain...","timestamp":"2014-05-23T23:02:30.120Z"}
{"level":"info","message":"Blockchain is trying to find genesis block...","timestamp":"2014-05-23T23:02:30.121Z"}
{"level":"error","message":"Genesis transaction has not valid signature","timestamp":"2014-05-23T23:02:30.191Z"}
{"level":"error","message":"Genesis block generation failed","timestamp":"2014-05-23T23:02:30.192Z"}
{"level":"info","message":"Initializing forger processor...","timestamp":"2014-05-23T23:02:30.193Z"}
{"level":"info","message":"Initializing address processor...","timestamp":"2014-05-23T23:02:30.197Z"}
{"level":"info","message":"Crypti started: 0.0.0.0:6040","timestamp":"2014-05-23T23:02:30.245Z"}
{"level":"info","message":"Logger initialized","timestamp":"2014-05-23T23:02:33.590Z"}
{"level":"info","message":"Initializing account processor...","timestamp":"2014-05-23T23:02:33.592Z"}
{"level":"info","message":"Account processor initialized","timestamp":"2014-05-23T23:02:33.592Z"}
{"level":"info","message":"Initializing transaction processor...","timestamp":"2014-05-23T23:02:33.593Z"}
{"level":"info","message":"Transaction processor initialized","timestamp":"2014-05-23T23:02:33.593Z"}
{"level":"info","message":"Initializing blockchain...","timestamp":"2014-05-23T23:02:33.593Z"}
{"level":"info","message":"Blockchain is trying to find genesis block...","timestamp":"2014-05-23T23:02:33.593Z"}
{"level":"error","message":"Genesis transaction has not valid signature","timestamp":"2014-05-23T23:02:33.604Z"}
{"level":"error","message":"Genesis block generation failed","timestamp":"2014-05-23T23:02:33.604Z"}
{"level":"info","message":"Initializing forger processor...","timestamp":"2014-05-23T23:02:33.604Z"}
{"level":"info","message":"Initializing address processor...","timestamp":"2014-05-23T23:02:33.605Z"}
{"level":"info","message":"Crypti started: 0.0.0.0:6040","timestamp":"2014-05-23T23:02:33.615Z"}
{"level":"info","message":"Account unlocked: 12965745748282895962C","timestamp":"2014-05-23T23:03:33.310Z"}
{"level":"info","message":"Logger initialized","timestamp":"2014-05-24T00:40:43.532Z"}
{"level":"info","message":"Initializing account processor...","timestamp":"2014-05-24T00:40:43.534Z"}
{"level":"info","message":"Account processor initialized","timestamp":"2014-05-24T00:40:43.534Z"}
{"level":"info","message":"Initializing transaction processor...","timestamp":"2014-05-24T00:40:43.535Z"}
{"level":"info","message":"Transaction processor initialized","timestamp":"2014-05-24T00:40:43.535Z"}
{"level":"info","message":"Initializing blockchain...","timestamp":"2014-05-24T00:40:43.535Z"}
{"level":"info","message":"Blockchain is trying to find genesis block...","timestamp":"2014-05-24T00:40:43.535Z"}
{"level":"error","message":"Genesis transaction has not valid signature","timestamp":"2014-05-24T00:40:43.544Z"}
{"level":"error","message":"Genesis block generation failed","timestamp":"2014-05-24T00:40:43.544Z"}
{"level":"info","message":"Initializing forger processor...","timestamp":"2014-05-24T00:40:43.544Z"}
{"level":"info","message":"Initializing address processor...","timestamp":"2014-05-24T00:40:43.544Z"}
{"level":"info","message":"Crypti started: 0.0.0.0:6040","timestamp":"2014-05-24T00:40:43.555Z"}
{"level":"info","message":"Logger initialized","timestamp":"2014-05-24T00:40:59.574Z"}
{"level":"info","message":"Initializing account processor...","timestamp":"2014-05-24T00:40:59.576Z"}
{"level":"info","message":"Account processor initialized","timestamp":"2014-05-24T00:40:59.577Z"}
{"level":"info","message":"Initializing transaction processor...","timestamp":"2014-05-24T00:40:59.577Z"}
{"level":"info","message":"Transaction processor initialized","timestamp":"2014-05-24T00:40:59.577Z"}
{"level":"info","message":"Initializing blockchain...","timestamp":"2014-05-24T00:40:59.577Z"}
{"level":"info","message":"Blockchain is trying to find genesis block...","timestamp":"2014-05-24T00:40:59.578Z"}
{"level":"error","message":"Genesis transaction has not valid signature","timestamp":"2014-05-24T00:40:59.583Z"}
{"level":"error","message":"Genesis block generation failed","timestamp":"2014-05-24T00:40:59.583Z"}
{"level":"info","message":"Initializing forger processor...","timestamp":"2014-05-24T00:40:59.584Z"}
{"level":"info","message":"Initializing address processor...","timestamp":"2014-05-24T00:40:59.584Z"}
{"level":"info","message":"Crypti started: 0.0.0.0:6040","timestamp":"2014-05-24T00:40:59.596Z"}
{"level":"info","message":"Logger initialized","timestamp":"2014-05-24T00:42:42.261Z"}
{"level":"info","message":"Initializing account processor...","timestamp":"2014-05-24T00:42:42.262Z"}
{"level":"info","message":"Account processor initialized","timestamp":"2014-05-24T00:42:42.262Z"}
{"level":"info","message":"Initializing transaction processor...","timestamp":"2014-05-24T00:42:42.263Z"}
{"level":"info","message":"Transaction processor initialized","timestamp":"2014-05-24T00:42:42.263Z"}
{"level":"info","message":"Initializing blockchain...","timestamp":"2014-05-24T00:42:42.263Z"}
{"level":"info","message":"Blockchain is trying to find genesis block...","timestamp":"2014-05-24T00:42:42.263Z"}
{"level":"error","message":"Genesis transaction has not valid signature","timestamp":"2014-05-24T00:42:42.287Z"}
{"level":"error","message":"Genesis block generation failed","timestamp":"2014-05-24T00:42:42.287Z"}
{"level":"info","message":"Initializing forger processor...","timestamp":"2014-05-24T00:42:42.287Z"}
{"level":"info","message":"Initializing address processor...","timestamp":"2014-05-24T00:42:42.288Z"}
{"level":"info","message":"Crypti started: 0.0.0.0:6040","timestamp":"2014-05-24T00:42:42.374Z"}
{"level":"info","message":"Logger initialized","timestamp":"2014-05-24T00:46:22.037Z"}
{"level":"info","message":"Initializing account processor...","timestamp":"2014-05-24T00:46:22.044Z"}
{"level":"info","message":"Account processor initialized","timestamp":"2014-05-24T00:46:22.046Z"}
{"level":"info","message":"Initializing transaction processor...","timestamp":"2014-05-24T00:46:22.046Z"}
{"level":"info","message":"Transaction processor initialized","timestamp":"2014-05-24T00:46:22.046Z"}
{"level":"info","message":"Initializing blockchain...","timestamp":"2014-05-24T00:46:22.047Z"}
{"level":"info","message":"Blockchain is trying to find genesis block...","timestamp":"2014-05-24T00:46:22.047Z"}
{"level":"info","message":"Genesis block added","timestamp":"2014-05-24T00:46:22.063Z"}
{"level":"info","message":"Blockchain initialized","timestamp":"2014-05-24T00:46:22.063Z"}
{"level":"info","message":"Initializing forger processor...","timestamp":"2014-05-24T00:46:22.063Z"}
{"level":"info","message":"Initializing address processor...","timestamp":"2014-05-24T00:46:22.064Z"}
{"level":"info","message":"Crypti started: 0.0.0.0:6040","timestamp":"2014-05-24T00:46:22.078Z"}
{"level":"info","message":"Account unlocked: 12965745748282895962C","timestamp":"2014-05-24T00:47:09.762Z"}
{"level":"info","message":"Logger initialized","timestamp":"2014-05-24T00:48:17.157Z"}
{"level":"info","message":"Initializing account processor...","timestamp":"2014-05-24T00:48:17.161Z"}
{"level":"info","message":"Account processor initialized","timestamp":"2014-05-24T00:48:17.161Z"}
{"level":"info","message":"Initializing transaction processor...","timestamp":"2014-05-24T00:48:17.162Z"}
{"level":"info","message":"Transaction processor initialized","timestamp":"2014-05-24T00:48:17.162Z"}
{"level":"info","message":"Initializing blockchain...","timestamp":"2014-05-24T00:48:17.162Z"}
{"level":"info","message":"Blockchain is trying to find genesis block...","timestamp":"2014-05-24T00:48:17.163Z"}
{"level":"info","message":"Genesis block added","timestamp":"2014-05-24T00:48:17.183Z"}
{"level":"info","message":"Blockchain initialized","timestamp":"2014-05-24T00:48:17.183Z"}
{"level":"info","message":"Initializing forger processor...","timestamp":"2014-05-24T00:48:17.183Z"}
{"level":"info","message":"Initializing address processor...","timestamp":"2014-05-24T00:48:17.183Z"}
{"level":"info","message":"Crypti started: 0.0.0.0:6040","timestamp":"2014-05-24T00:48:17.196Z"}
{"level":"info","message":"Account unlocked: 12965745748282895962C","timestamp":"2014-05-24T00:48:24.266Z"}
{"level":"info","message":"Logger initialized","timestamp":"2014-05-24T00:49:21.930Z"}
{"level":"info","message":"Initializing account processor...","timestamp":"2014-05-24T00:49:21.933Z"}
{"level":"info","message":"Account processor initialized","timestamp":"2014-05-24T00:49:21.933Z"}
{"level":"info","message":"Initializing transaction processor...","timestamp":"2014-05-24T00:49:21.934Z"}
{"level":"info","message":"Transaction processor initialized","timestamp":"2014-05-24T00:49:21.934Z"}
{"level":"info","message":"Initializing blockchain...","timestamp":"2014-05-24T00:49:21.934Z"}
{"level":"info","message":"Blockchain is trying to find genesis block...","timestamp":"2014-05-24T00:49:21.935Z"}
{"level":"info","message":"Genesis block added","timestamp":"2014-05-24T00:49:22.024Z"}
{"level":"info","message":"Blockchain initialized","timestamp":"2014-05-24T00:49:22.024Z"}
{"level":"info","message":"Initializing forger processor...","timestamp":"2014-05-24T00:49:22.024Z"}
{"level":"info","message":"Initializing address processor...","timestamp":"2014-05-24T00:49:22.025Z"}
{"level":"info","message":"Crypti started: 0.0.0.0:6040","timestamp":"2014-05-24T00:49:22.045Z"}
{"level":"info","message":"Account unlocked: 12965745748282895962C","timestamp":"2014-05-24T00:49:24.897Z"}
{"level":"info","message":"Logger initialized","timestamp":"2014-05-24T00:50:04.039Z"}
{"level":"info","message":"Initializing account processor...","timestamp":"2014-05-24T00:50:04.042Z"}
{"level":"info","message":"Account processor initialized","timestamp":"2014-05-24T00:50:04.043Z"}
{"level":"info","message":"Initializing transaction processor...","timestamp":"2014-05-24T00:50:04.043Z"}
{"level":"info","message":"Transaction processor initialized","timestamp":"2014-05-24T00:50:04.043Z"}
{"level":"info","message":"Initializing blockchain...","timestamp":"2014-05-24T00:50:04.043Z"}
{"level":"info","message":"Blockchain is trying to find genesis block...","timestamp":"2014-05-24T00:50:04.043Z"}
{"level":"info","message":"Genesis block added","timestamp":"2014-05-24T00:50:04.059Z"}
{"level":"info","message":"Blockchain initialized","timestamp":"2014-05-24T00:50:04.059Z"}
{"level":"info","message":"Initializing forger processor...","timestamp":"2014-05-24T00:50:04.059Z"}
{"level":"info","message":"Initializing address processor...","timestamp":"2014-05-24T00:50:04.059Z"}
{"level":"info","message":"Crypti started: 0.0.0.0:6040","timestamp":"2014-05-24T00:50:04.078Z"}
{"level":"info","message":"Account unlocked: 12965745748282895962C","timestamp":"2014-05-24T00:50:12.046Z"}
{"level":"info","message":"Logger initialized","timestamp":"2014-05-24T00:51:24.612Z"}
{"level":"info","message":"Initializing account processor...","timestamp":"2014-05-24T00:51:24.613Z"}
{"level":"info","message":"Account processor initialized","timestamp":"2014-05-24T00:51:24.614Z"}
{"level":"info","message":"Initializing transaction processor...","timestamp":"2014-05-24T00:51:24.614Z"}
{"level":"info","message":"Transaction processor initialized","timestamp":"2014-05-24T00:51:24.614Z"}
{"level":"info","message":"Initializing blockchain...","timestamp":"2014-05-24T00:51:24.614Z"}
{"level":"info","message":"Blockchain is trying to find genesis block...","timestamp":"2014-05-24T00:51:24.614Z"}
{"level":"info","message":"Genesis block added","timestamp":"2014-05-24T00:51:24.650Z"}
{"level":"info","message":"Blockchain initialized","timestamp":"2014-05-24T00:51:24.650Z"}
{"level":"info","message":"Initializing forger processor...","timestamp":"2014-05-24T00:51:24.650Z"}
{"level":"info","message":"Initializing address processor...","timestamp":"2014-05-24T00:51:24.650Z"}
{"level":"info","message":"Crypti started: 0.0.0.0:6040","timestamp":"2014-05-24T00:51:24.778Z"}
{"level":"info","message":"Account unlocked: 12965745748282895962C","timestamp":"2014-05-24T00:51:28.519Z"}
{"level":"info","message":"Logger initialized","timestamp":"2014-05-24T00:53:14.496Z"}
{"level":"info","message":"Initializing account processor...","timestamp":"2014-05-24T00:53:14.498Z"}
{"level":"info","message":"Account processor initialized","timestamp":"2014-05-24T00:53:14.499Z"}
{"level":"info","message":"Initializing transaction processor...","timestamp":"2014-05-24T00:53:14.499Z"}
{"level":"info","message":"Transaction processor initialized","timestamp":"2014-05-24T00:53:14.499Z"}
{"level":"info","message":"Initializing blockchain...","timestamp":"2014-05-24T00:53:14.499Z"}
{"level":"info","message":"Blockchain is trying to find genesis block...","timestamp":"2014-05-24T00:53:14.499Z"}
{"level":"info","message":"Genesis block added","timestamp":"2014-05-24T00:53:14.536Z"}
{"level":"info","message":"Blockchain initialized","timestamp":"2014-05-24T00:53:14.541Z"}
{"level":"info","message":"Initializing forger processor...","timestamp":"2014-05-24T00:53:14.542Z"}
{"level":"info","message":"Initializing address processor...","timestamp":"2014-05-24T00:53:14.543Z"}
{"level":"info","message":"Crypti started: 0.0.0.0:6040","timestamp":"2014-05-24T00:53:14.564Z"}
{"level":"info","message":"Account unlocked: 12965745748282895962C","timestamp":"2014-05-24T00:53:23.079Z"}
{"level":"info","message":"Logger initialized","timestamp":"2014-05-24T00:56:27.111Z"}
{"level":"info","message":"Initializing account processor...","timestamp":"2014-05-24T00:56:27.114Z"}
{"level":"info","message":"Account processor initialized","timestamp":"2014-05-24T00:56:27.114Z"}
{"level":"info","message":"Initializing transaction processor...","timestamp":"2014-05-24T00:56:27.114Z"}
{"level":"info","message":"Transaction processor initialized","timestamp":"2014-05-24T00:56:27.114Z"}
{"level":"info","message":"Initializing blockchain...","timestamp":"2014-05-24T00:56:27.115Z"}
{"level":"info","message":"Blockchain is trying to find genesis block...","timestamp":"2014-05-24T00:56:27.115Z"}
{"level":"info","message":"Genesis block added","timestamp":"2014-05-24T00:56:27.126Z"}
{"level":"info","message":"Blockchain initialized","timestamp":"2014-05-24T00:56:27.126Z"}
{"level":"info","message":"Initializing forger processor...","timestamp":"2014-05-24T00:56:27.127Z"}
{"level":"info","message":"Initializing address processor...","timestamp":"2014-05-24T00:56:27.128Z"}
{"level":"info","message":"Crypti started: 0.0.0.0:6040","timestamp":"2014-05-24T00:56:27.144Z"}
{"level":"info","message":"Account unlocked: 12965745748282895962C","timestamp":"2014-05-24T00:56:38.412Z"}
{"level":"info","message":"Logger initialized","timestamp":"2014-05-24T00:57:10.473Z"}
{"level":"info","message":"Initializing account processor...","timestamp":"2014-05-24T00:57:10.479Z"}
{"level":"info","message":"Account processor initialized","timestamp":"2014-05-24T00:57:10.479Z"}
{"level":"info","message":"Initializing transaction processor...","timestamp":"2014-05-24T00:57:10.480Z"}
{"level":"info","message":"Transaction processor initialized","timestamp":"2014-05-24T00:57:10.480Z"}
{"level":"info","message":"Initializing blockchain...","timestamp":"2014-05-24T00:57:10.480Z"}
{"level":"info","message":"Blockchain is trying to find genesis block...","timestamp":"2014-05-24T00:57:10.481Z"}
{"level":"info","message":"Genesis block added","timestamp":"2014-05-24T00:57:10.535Z"}
{"level":"info","message":"Blockchain initialized","timestamp":"2014-05-24T00:57:10.535Z"}
{"level":"info","message":"Initializing forger processor...","timestamp":"2014-05-24T00:57:10.537Z"}
{"level":"info","message":"Initializing address processor...","timestamp":"2014-05-24T00:57:10.539Z"}
{"level":"info","message":"Crypti started: 0.0.0.0:6040","timestamp":"2014-05-24T00:57:10.555Z"}
{"level":"info","message":"Account unlocked: 12965745748282895962C","timestamp":"2014-05-24T00:57:15.505Z"}
{"level":"info","message":"Logger initialized","timestamp":"2014-05-24T00:57:56.034Z"}
{"level":"info","message":"Initializing account processor...","timestamp":"2014-05-24T00:57:56.043Z"}
{"level":"info","message":"Account processor initialized","timestamp":"2014-05-24T00:57:56.043Z"}
{"level":"info","message":"Initializing transaction processor...","timestamp":"2014-05-24T00:57:56.044Z"}
{"level":"info","message":"Transaction processor initialized","timestamp":"2014-05-24T00:57:56.044Z"}
{"level":"info","message":"Initializing blockchain...","timestamp":"2014-05-24T00:57:56.044Z"}
{"level":"info","message":"Blockchain is trying to find genesis block...","timestamp":"2014-05-24T00:57:56.044Z"}
{"level":"info","message":"Genesis block added","timestamp":"2014-05-24T00:57:56.070Z"}
{"level":"info","message":"Blockchain initialized","timestamp":"2014-05-24T00:57:56.070Z"}
{"level":"info","message":"Initializing forger processor...","timestamp":"2014-05-24T00:57:56.071Z"}
{"level":"info","message":"Initializing address processor...","timestamp":"2014-05-24T00:57:56.071Z"}
{"level":"info","message":"Crypti started: 0.0.0.0:6040","timestamp":"2014-05-24T00:57:56.102Z"}
{"level":"info","message":"Account unlocked: 12965745748282895962C","timestamp":"2014-05-24T00:57:56.371Z"}
{"level":"info","message":"Logger initialized","timestamp":"2014-05-24T00:58:09.731Z"}
{"level":"info","message":"Initializing account processor...","timestamp":"2014-05-24T00:58:09.734Z"}
{"level":"info","message":"Account processor initialized","timestamp":"2014-05-24T00:58:09.735Z"}
{"level":"info","message":"Initializing transaction processor...","timestamp":"2014-05-24T00:58:09.735Z"}
{"level":"info","message":"Transaction processor initialized","timestamp":"2014-05-24T00:58:09.735Z"}
{"level":"info","message":"Initializing blockchain...","timestamp":"2014-05-24T00:58:09.736Z"}
{"level":"info","message":"Blockchain is trying to find genesis block...","timestamp":"2014-05-24T00:58:09.736Z"}
{"level":"info","message":"Genesis block added","timestamp":"2014-05-24T00:58:09.747Z"}
{"level":"info","message":"Blockchain initialized","timestamp":"2014-05-24T00:58:09.747Z"}
{"level":"info","message":"Initializing forger processor...","timestamp":"2014-05-24T00:58:09.747Z"}
{"level":"info","message":"Initializing address processor...","timestamp":"2014-05-24T00:58:09.747Z"}
{"level":"info","message":"Crypti started: 0.0.0.0:6040","timestamp":"2014-05-24T00:58:09.763Z"}
{"level":"info","message":"Account unlocked: 12965745748282895962C","timestamp":"2014-05-24T00:58:13.133Z"}
{"level":"info","message":"Logger initialized","timestamp":"2014-05-24T00:58:39.208Z"}
{"level":"info","message":"Initializing account processor...","timestamp":"2014-05-24T00:58:39.210Z"}
{"level":"info","message":"Account processor initialized","timestamp":"2014-05-24T00:58:39.210Z"}
{"level":"info","message":"Initializing transaction processor...","timestamp":"2014-05-24T00:58:39.210Z"}
{"level":"info","message":"Transaction processor initialized","timestamp":"2014-05-24T00:58:39.210Z"}
{"level":"info","message":"Initializing blockchain...","timestamp":"2014-05-24T00:58:39.210Z"}
{"level":"info","message":"Blockchain is trying to find genesis block...","timestamp":"2014-05-24T00:58:39.211Z"}
{"level":"info","message":"Genesis block added","timestamp":"2014-05-24T00:58:39.223Z"}
{"level":"info","message":"Blockchain initialized","timestamp":"2014-05-24T00:58:39.223Z"}
{"level":"info","message":"Initializing forger processor...","timestamp":"2014-05-24T00:58:39.223Z"}
{"level":"info","message":"Initializing address processor...","timestamp":"2014-05-24T00:58:39.224Z"}
{"level":"info","message":"Crypti started: 0.0.0.0:6040","timestamp":"2014-05-24T00:58:39.232Z"}
{"level":"info","message":"Account unlocked: 12965745748282895962C","timestamp":"2014-05-24T00:58:51.595Z"}
{"level":"info","message":"Logger initialized","timestamp":"2014-05-24T01:18:34.851Z"}
{"level":"info","message":"Initializing account processor...","timestamp":"2014-05-24T01:18:34.853Z"}
{"level":"info","message":"Account processor initialized","timestamp":"2014-05-24T01:18:34.853Z"}
{"level":"info","message":"Initializing transaction processor...","timestamp":"2014-05-24T01:18:34.853Z"}
{"level":"info","message":"Transaction processor initialized","timestamp":"2014-05-24T01:18:34.854Z"}
{"level":"info","message":"Initializing blockchain...","timestamp":"2014-05-24T01:18:34.854Z"}
{"level":"info","message":"Blockchain is trying to find genesis block...","timestamp":"2014-05-24T01:18:34.854Z"}
{"level":"info","message":"Genesis block added","timestamp":"2014-05-24T01:18:34.865Z"}
{"level":"info","message":"Blockchain initialized","timestamp":"2014-05-24T01:18:34.865Z"}
{"level":"info","message":"Initializing forger processor...","timestamp":"2014-05-24T01:18:34.866Z"}
{"level":"info","message":"Initializing address processor...","timestamp":"2014-05-24T01:18:34.866Z"}
{"level":"info","message":"Crypti started: 0.0.0.0:6040","timestamp":"2014-05-24T01:18:34.875Z"}
{"level":"info","message":"Account unlocked: 12965745748282895962C","timestamp":"2014-05-24T01:18:41.244Z"}
{"level":"info","message":"Logger initialized","timestamp":"2014-05-24T01:20:41.383Z"}
{"level":"info","message":"Initializing account processor...","timestamp":"2014-05-24T01:20:41.394Z"}
{"level":"info","message":"Account processor initialized","timestamp":"2014-05-24T01:20:41.394Z"}
{"level":"info","message":"Initializing transaction processor...","timestamp":"2014-05-24T01:20:41.394Z"}
{"level":"info","message":"Transaction processor initialized","timestamp":"2014-05-24T01:20:41.395Z"}
{"level":"info","message":"Initializing blockchain...","timestamp":"2014-05-24T01:20:41.395Z"}
{"level":"info","message":"Blockchain is trying to find genesis block...","timestamp":"2014-05-24T01:20:41.396Z"}
{"level":"info","message":"Genesis block added","timestamp":"2014-05-24T01:20:41.410Z"}
{"level":"info","message":"Blockchain initialized","timestamp":"2014-05-24T01:20:41.410Z"}
{"level":"info","message":"Initializing forger processor...","timestamp":"2014-05-24T01:20:41.410Z"}
{"level":"info","message":"Initializing address processor...","timestamp":"2014-05-24T01:20:41.411Z"}
{"level":"info","message":"Crypti started: 0.0.0.0:6040","timestamp":"2014-05-24T01:20:41.431Z"}
{"level":"info","message":"Account unlocked: 12965745748282895962C","timestamp":"2014-05-24T01:20:50.721Z"}
{"level":"info","message":"Logger initialized","timestamp":"2014-05-24T01:22:15.615Z"}
{"level":"info","message":"Initializing account processor...","timestamp":"2014-05-24T01:22:15.716Z"}
{"level":"info","message":"Account processor initialized","timestamp":"2014-05-24T01:22:15.716Z"}
{"level":"info","message":"Initializing transaction processor...","timestamp":"2014-05-24T01:22:15.717Z"}
{"level":"info","message":"Transaction processor initialized","timestamp":"2014-05-24T01:22:15.717Z"}
{"level":"info","message":"Initializing blockchain...","timestamp":"2014-05-24T01:22:15.717Z"}
{"level":"info","message":"Blockchain is trying to find genesis block...","timestamp":"2014-05-24T01:22:15.718Z"}
{"level":"info","message":"Genesis block added","timestamp":"2014-05-24T01:22:15.757Z"}
{"level":"info","message":"Blockchain initialized","timestamp":"2014-05-24T01:22:15.758Z"}
{"level":"info","message":"Initializing forger processor...","timestamp":"2014-05-24T01:22:15.760Z"}
{"level":"info","message":"Initializing address processor...","timestamp":"2014-05-24T01:22:15.760Z"}
{"level":"info","message":"Crypti started: 0.0.0.0:6040","timestamp":"2014-05-24T01:22:15.786Z"}
{"level":"info","message":"Account unlocked: 12965745748282895962C","timestamp":"2014-05-24T01:22:21.522Z"}
{"level":"info","message":"Logger initialized","timestamp":"2014-05-24T01:23:16.289Z"}
{"level":"info","message":"Initializing account processor...","timestamp":"2014-05-24T01:23:16.291Z"}
{"level":"info","message":"Account processor initialized","timestamp":"2014-05-24T01:23:16.292Z"}
{"level":"info","message":"Initializing transaction processor...","timestamp":"2014-05-24T01:23:16.292Z"}
{"level":"info","message":"Transaction processor initialized","timestamp":"2014-05-24T01:23:16.292Z"}
{"level":"info","message":"Initializing blockchain...","timestamp":"2014-05-24T01:23:16.292Z"}
{"level":"info","message":"Blockchain is trying to find genesis block...","timestamp":"2014-05-24T01:23:16.293Z"}
{"level":"info","message":"Genesis block added","timestamp":"2014-05-24T01:23:16.655Z"}
{"level":"info","message":"Blockchain initialized","timestamp":"2014-05-24T01:23:16.655Z"}
{"level":"info","message":"Initializing forger processor...","timestamp":"2014-05-24T01:23:16.655Z"}
{"level":"info","message":"Initializing address processor...","timestamp":"2014-05-24T01:23:16.655Z"}
{"level":"info","message":"Crypti started: 0.0.0.0:6040","timestamp":"2014-05-24T01:23:16.678Z"}
{"level":"info","message":"Account unlocked: 12965745748282895962C","timestamp":"2014-05-24T01:23:25.737Z"}
{"level":"info","message":"Logger initialized","timestamp":"2014-05-24T01:24:39.408Z"}
{"level":"info","message":"Initializing account processor...","timestamp":"2014-05-24T01:24:39.410Z"}
{"level":"info","message":"Account processor initialized","timestamp":"2014-05-24T01:24:39.411Z"}
{"level":"info","message":"Initializing transaction processor...","timestamp":"2014-05-24T01:24:39.411Z"}
{"level":"info","message":"Transaction processor initialized","timestamp":"2014-05-24T01:24:39.411Z"}
{"level":"info","message":"Initializing blockchain...","timestamp":"2014-05-24T01:24:39.411Z"}
{"level":"info","message":"Blockchain is trying to find genesis block...","timestamp":"2014-05-24T01:24:39.412Z"}
{"level":"info","message":"Genesis block added","timestamp":"2014-05-24T01:24:39.466Z"}
{"level":"info","message":"Blockchain initialized","timestamp":"2014-05-24T01:24:39.466Z"}
{"level":"info","message":"Initializing forger processor...","timestamp":"2014-05-24T01:24:39.466Z"}
{"level":"info","message":"Initializing address processor...","timestamp":"2014-05-24T01:24:39.466Z"}
{"level":"info","message":"Crypti started: 0.0.0.0:6040","timestamp":"2014-05-24T01:24:39.509Z"}
{"level":"info","message":"Account unlocked: 12965745748282895962C","timestamp":"2014-05-24T01:24:57.844Z"}
{"level":"info","message":"Logger initialized","timestamp":"2014-05-24T01:28:06.223Z"}
{"level":"info","message":"Initializing account processor...","timestamp":"2014-05-24T01:28:06.226Z"}
{"level":"info","message":"Account processor initialized","timestamp":"2014-05-24T01:28:06.226Z"}
{"level":"info","message":"Initializing transaction processor...","timestamp":"2014-05-24T01:28:06.226Z"}
{"level":"info","message":"Transaction processor initialized","timestamp":"2014-05-24T01:28:06.227Z"}
{"level":"info","message":"Initializing blockchain...","timestamp":"2014-05-24T01:28:06.227Z"}
{"level":"info","message":"Blockchain is trying to find genesis block...","timestamp":"2014-05-24T01:28:06.227Z"}
{"level":"info","message":"Genesis block added","timestamp":"2014-05-24T01:28:06.250Z"}
{"level":"info","message":"Blockchain initialized","timestamp":"2014-05-24T01:28:06.254Z"}
{"level":"info","message":"Initializing forger processor...","timestamp":"2014-05-24T01:28:06.257Z"}
{"level":"info","message":"Initializing address processor...","timestamp":"2014-05-24T01:28:06.259Z"}
{"level":"info","message":"Crypti started: 0.0.0.0:6040","timestamp":"2014-05-24T01:28:06.292Z"}
{"level":"info","message":"Account unlocked: 12965745748282895962C","timestamp":"2014-05-24T01:28:45.562Z"}
{"level":"info","message":"Logger initialized","timestamp":"2014-05-24T01:34:37.948Z"}
{"level":"info","message":"Initializing account processor...","timestamp":"2014-05-24T01:34:37.951Z"}
{"level":"info","message":"Account processor initialized","timestamp":"2014-05-24T01:34:37.951Z"}
{"level":"info","message":"Initializing transaction processor...","timestamp":"2014-05-24T01:34:37.952Z"}
{"level":"info","message":"Transaction processor initialized","timestamp":"2014-05-24T01:34:37.952Z"}
{"level":"info","message":"Initializing blockchain...","timestamp":"2014-05-24T01:34:37.952Z"}
{"level":"info","message":"Blockchain is trying to find genesis block...","timestamp":"2014-05-24T01:34:37.953Z"}
{"level":"info","message":"Genesis block added","timestamp":"2014-05-24T01:34:37.968Z"}
{"level":"info","message":"Blockchain initialized","timestamp":"2014-05-24T01:34:37.968Z"}
{"level":"info","message":"Initializing forger processor...","timestamp":"2014-05-24T01:34:37.969Z"}
{"level":"info","message":"Initializing address processor...","timestamp":"2014-05-24T01:34:37.969Z"}
{"level":"info","message":"Crypti started: 0.0.0.0:6040","timestamp":"2014-05-24T01:34:38.015Z"}
{"level":"info","message":"Account unlocked: 12965745748282895962C","timestamp":"2014-05-24T01:34:38.206Z"}
{"level":"info","message":"Logger initialized","timestamp":"2014-05-24T01:35:39.776Z"}
{"level":"info","message":"Initializing account processor...","timestamp":"2014-05-24T01:35:39.779Z"}
{"level":"info","message":"Account processor initialized","timestamp":"2014-05-24T01:35:39.780Z"}
{"level":"info","message":"Initializing transaction processor...","timestamp":"2014-05-24T01:35:39.780Z"}
{"level":"info","message":"Transaction processor initialized","timestamp":"2014-05-24T01:35:39.780Z"}
{"level":"info","message":"Initializing blockchain...","timestamp":"2014-05-24T01:35:39.780Z"}
{"level":"info","message":"Blockchain is trying to find genesis block...","timestamp":"2014-05-24T01:35:39.780Z"}
{"level":"info","message":"Genesis block added","timestamp":"2014-05-24T01:35:39.788Z"}
{"level":"info","message":"Blockchain initialized","timestamp":"2014-05-24T01:35:39.788Z"}
{"level":"info","message":"Initializing forger processor...","timestamp":"2014-05-24T01:35:39.788Z"}
{"level":"info","message":"Initializing address processor...","timestamp":"2014-05-24T01:35:39.789Z"}
{"level":"info","message":"Crypti started: 0.0.0.0:6040","timestamp":"2014-05-24T01:35:39.851Z"}
{"level":"info","message":"Account unlocked: 12965745748282895962C","timestamp":"2014-05-24T01:36:43.827Z"}
{"level":"info","message":"Logger initialized","timestamp":"2014-05-24T01:44:20.510Z"}
{"level":"info","message":"Initializing account processor...","timestamp":"2014-05-24T01:44:20.512Z"}
{"level":"info","message":"Account processor initialized","timestamp":"2014-05-24T01:44:20.512Z"}
{"level":"info","message":"Initializing transaction processor...","timestamp":"2014-05-24T01:44:20.512Z"}
{"level":"info","message":"Transaction processor initialized","timestamp":"2014-05-24T01:44:20.513Z"}
{"level":"info","message":"Initializing blockchain...","timestamp":"2014-05-24T01:44:20.513Z"}
{"level":"info","message":"Blockchain is trying to find genesis block...","timestamp":"2014-05-24T01:44:20.513Z"}
{"level":"info","message":"Genesis block added","timestamp":"2014-05-24T01:44:20.551Z"}
{"level":"info","message":"Blockchain initialized","timestamp":"2014-05-24T01:44:20.551Z"}
{"level":"info","message":"Initializing forger processor...","timestamp":"2014-05-24T01:44:20.552Z"}
{"level":"info","message":"Initializing address processor...","timestamp":"2014-05-24T01:44:20.552Z"}
{"level":"info","message":"Crypti started: 0.0.0.0:6040","timestamp":"2014-05-24T01:44:20.568Z"}
{"level":"info","message":"Account unlocked: 12965745748282895962C","timestamp":"2014-05-24T01:44:24.629Z"}
{"level":"info","message":"Logger initialized","timestamp":"2014-05-24T01:45:43.783Z"}
{"level":"info","message":"Initializing account processor...","timestamp":"2014-05-24T01:45:43.785Z"}
{"level":"info","message":"Account processor initialized","timestamp":"2014-05-24T01:45:43.786Z"}
{"level":"info","message":"Initializing transaction processor...","timestamp":"2014-05-24T01:45:43.786Z"}
{"level":"info","message":"Transaction processor initialized","timestamp":"2014-05-24T01:45:43.786Z"}
{"level":"info","message":"Initializing blockchain...","timestamp":"2014-05-24T01:45:43.786Z"}
{"level":"info","message":"Blockchain is trying to find genesis block...","timestamp":"2014-05-24T01:45:43.786Z"}
{"level":"info","message":"Genesis block added","timestamp":"2014-05-24T01:45:43.807Z"}
{"level":"info","message":"Blockchain initialized","timestamp":"2014-05-24T01:45:43.807Z"}
{"level":"info","message":"Initializing forger processor...","timestamp":"2014-05-24T01:45:43.808Z"}
{"level":"info","message":"Initializing address processor...","timestamp":"2014-05-24T01:45:43.808Z"}
{"level":"info","message":"Crypti started: 0.0.0.0:6040","timestamp":"2014-05-24T01:45:43.865Z"}
{"level":"info","message":"Account unlocked: 12965745748282895962C","timestamp":"2014-05-24T01:45:51.281Z"}
{"level":"info","message":"Logger initialized","timestamp":"2014-05-24T01:47:26.987Z"}
{"level":"info","message":"Initializing account processor...","timestamp":"2014-05-24T01:47:26.995Z"}
{"level":"info","message":"Account processor initialized","timestamp":"2014-05-24T01:47:26.996Z"}
{"level":"info","message":"Initializing transaction processor...","timestamp":"2014-05-24T01:47:26.996Z"}
{"level":"info","message":"Transaction processor initialized","timestamp":"2014-05-24T01:47:26.999Z"}
{"level":"info","message":"Initializing blockchain...","timestamp":"2014-05-24T01:47:26.999Z"}
{"level":"info","message":"Blockchain is trying to find genesis block...","timestamp":"2014-05-24T01:47:27.000Z"}
{"level":"info","message":"Genesis block added","timestamp":"2014-05-24T01:47:27.024Z"}
{"level":"info","message":"Blockchain initialized","timestamp":"2014-05-24T01:47:27.024Z"}
{"level":"info","message":"Initializing forger processor...","timestamp":"2014-05-24T01:47:27.024Z"}
{"level":"info","message":"Initializing address processor...","timestamp":"2014-05-24T01:47:27.024Z"}
{"level":"info","message":"Crypti started: 0.0.0.0:6040","timestamp":"2014-05-24T01:47:27.035Z"}
{"level":"info","message":"Account unlocked: 12965745748282895962C","timestamp":"2014-05-24T01:47:37.859Z"}
{"level":"info","message":"Logger initialized","timestamp":"2014-05-24T01:48:58.253Z"}
{"level":"info","message":"Initializing account processor...","timestamp":"2014-05-24T01:48:58.255Z"}
{"level":"info","message":"Account processor initialized","timestamp":"2014-05-24T01:48:58.255Z"}
{"level":"info","message":"Initializing transaction processor...","timestamp":"2014-05-24T01:48:58.255Z"}
{"level":"info","message":"Transaction processor initialized","timestamp":"2014-05-24T01:48:58.255Z"}
{"level":"info","message":"Initializing blockchain...","timestamp":"2014-05-24T01:48:58.255Z"}
{"level":"info","message":"Blockchain is trying to find genesis block...","timestamp":"2014-05-24T01:48:58.255Z"}
{"level":"info","message":"Genesis block added","timestamp":"2014-05-24T01:48:58.273Z"}
{"level":"info","message":"Blockchain initialized","timestamp":"2014-05-24T01:48:58.273Z"}
{"level":"info","message":"Initializing forger processor...","timestamp":"2014-05-24T01:48:58.273Z"}
{"level":"info","message":"Initializing address processor...","timestamp":"2014-05-24T01:48:58.273Z"}
{"level":"info","message":"Crypti started: 0.0.0.0:6040","timestamp":"2014-05-24T01:48:58.324Z"}
{"level":"info","message":"Logger initialized","timestamp":"2014-05-24T02:03:32.545Z"}
{"level":"info","message":"Initializing account processor...","timestamp":"2014-05-24T02:03:32.551Z"}
{"level":"info","message":"Account processor initialized","timestamp":"2014-05-24T02:03:32.551Z"}
{"level":"info","message":"Initializing transaction processor...","timestamp":"2014-05-24T02:03:32.552Z"}
{"level":"info","message":"Transaction processor initialized","timestamp":"2014-05-24T02:03:32.552Z"}
{"level":"info","message":"Initializing blockchain...","timestamp":"2014-05-24T02:03:32.552Z"}
{"level":"info","message":"Blockchain is trying to find genesis block...","timestamp":"2014-05-24T02:03:32.556Z"}
{"level":"info","message":"Genesis block added","timestamp":"2014-05-24T02:03:32.570Z"}
{"level":"info","message":"Blockchain initialized","timestamp":"2014-05-24T02:03:32.570Z"}
{"level":"info","message":"Initializing forger processor...","timestamp":"2014-05-24T02:03:32.571Z"}
{"level":"info","message":"Initializing address processor...","timestamp":"2014-05-24T02:03:32.571Z"}
{"level":"info","message":"Crypti started: 0.0.0.0:6040","timestamp":"2014-05-24T02:03:32.584Z"}
{"level":"info","message":"Account unlocked: 12965745748282895962C","timestamp":"2014-05-24T02:03:44.052Z"}
{"level":"info","message":"Logger initialized","timestamp":"2014-05-24T02:04:21.764Z"}
{"level":"info","message":"Initializing account processor...","timestamp":"2014-05-24T02:04:21.767Z"}
{"level":"info","message":"Account processor initialized","timestamp":"2014-05-24T02:04:21.768Z"}
{"level":"info","message":"Initializing transaction processor...","timestamp":"2014-05-24T02:04:21.768Z"}
{"level":"info","message":"Transaction processor initialized","timestamp":"2014-05-24T02:04:21.768Z"}
{"level":"info","message":"Initializing blockchain...","timestamp":"2014-05-24T02:04:21.768Z"}
{"level":"info","message":"Blockchain is trying to find genesis block...","timestamp":"2014-05-24T02:04:21.769Z"}
{"level":"info","message":"Genesis block added","timestamp":"2014-05-24T02:04:21.790Z"}
{"level":"info","message":"Blockchain initialized","timestamp":"2014-05-24T02:04:21.790Z"}
{"level":"info","message":"Initializing forger processor...","timestamp":"2014-05-24T02:04:21.790Z"}
{"level":"info","message":"Initializing address processor...","timestamp":"2014-05-24T02:04:21.790Z"}
{"level":"info","message":"Crypti started: 0.0.0.0:6040","timestamp":"2014-05-24T02:04:21.807Z"}
{"level":"info","message":"Account unlocked: 12965745748282895962C","timestamp":"2014-05-24T02:04:32.203Z"}
{"level":"info","message":"Logger initialized","timestamp":"2014-05-24T02:04:49.025Z"}
{"level":"info","message":"Initializing account processor...","timestamp":"2014-05-24T02:04:49.028Z"}
{"level":"info","message":"Account processor initialized","timestamp":"2014-05-24T02:04:49.028Z"}
{"level":"info","message":"Initializing transaction processor...","timestamp":"2014-05-24T02:04:49.028Z"}
{"level":"info","message":"Transaction processor initialized","timestamp":"2014-05-24T02:04:49.028Z"}
{"level":"info","message":"Initializing blockchain...","timestamp":"2014-05-24T02:04:49.028Z"}
{"level":"info","message":"Blockchain is trying to find genesis block...","timestamp":"2014-05-24T02:04:49.029Z"}
{"level":"info","message":"Genesis block added","timestamp":"2014-05-24T02:04:49.039Z"}
{"level":"info","message":"Blockchain initialized","timestamp":"2014-05-24T02:04:49.040Z"}
{"level":"info","message":"Initializing forger processor...","timestamp":"2014-05-24T02:04:49.040Z"}
{"level":"info","message":"Initializing address processor...","timestamp":"2014-05-24T02:04:49.040Z"}
{"level":"info","message":"Crypti started: 0.0.0.0:6040","timestamp":"2014-05-24T02:04:49.053Z"}
{"level":"info","message":"Account unlocked: 12965745748282895962C","timestamp":"2014-05-24T02:04:52.746Z"}
{"level":"info","message":"Logger initialized","timestamp":"2014-05-24T02:09:30.034Z"}
{"level":"info","message":"Initializing account processor...","timestamp":"2014-05-24T02:09:30.036Z"}
{"level":"info","message":"Account processor initialized","timestamp":"2014-05-24T02:09:30.036Z"}
{"level":"info","message":"Initializing transaction processor...","timestamp":"2014-05-24T02:09:30.038Z"}
{"level":"info","message":"Transaction processor initialized","timestamp":"2014-05-24T02:09:30.038Z"}
{"level":"info","message":"Initializing blockchain...","timestamp":"2014-05-24T02:09:30.039Z"}
{"level":"info","message":"Blockchain is trying to find genesis block...","timestamp":"2014-05-24T02:09:30.040Z"}
{"level":"info","message":"Genesis block added","timestamp":"2014-05-24T02:09:30.054Z"}
{"level":"info","message":"Blockchain initialized","timestamp":"2014-05-24T02:09:30.054Z"}
{"level":"info","message":"Initializing forger processor...","timestamp":"2014-05-24T02:09:30.055Z"}
{"level":"info","message":"Initializing address processor...","timestamp":"2014-05-24T02:09:30.055Z"}
{"level":"info","message":"Crypti started: 0.0.0.0:6040","timestamp":"2014-05-24T02:09:30.075Z"}
{"level":"info","message":"Account unlocked: 12965745748282895962C","timestamp":"2014-05-24T02:09:41.514Z"}
{"level":"info","message":"Account unlocked: 12965745748282895962C","timestamp":"2014-05-24T02:18:03.952Z"}
{"level":"info","message":"Logger initialized","timestamp":"2014-05-24T12:47:01.169Z"}
{"level":"info","message":"Initializing account processor...","timestamp":"2014-05-24T12:47:01.171Z"}
{"level":"info","message":"Account processor initialized","timestamp":"2014-05-24T12:47:01.171Z"}
{"level":"info","message":"Initializing transaction processor...","timestamp":"2014-05-24T12:47:01.171Z"}
{"level":"info","message":"Transaction processor initialized","timestamp":"2014-05-24T12:47:01.172Z"}
{"level":"info","message":"Initializing blockchain...","timestamp":"2014-05-24T12:47:01.172Z"}
{"level":"info","message":"Blockchain is trying to find genesis block...","timestamp":"2014-05-24T12:47:01.172Z"}
{"level":"info","message":"Genesis block added","timestamp":"2014-05-24T12:47:01.183Z"}
{"level":"info","message":"Blockchain initialized","timestamp":"2014-05-24T12:47:01.183Z"}
{"level":"info","message":"Initializing forger processor...","timestamp":"2014-05-24T12:47:01.183Z"}
{"level":"info","message":"Initializing address processor...","timestamp":"2014-05-24T12:47:01.183Z"}
{"level":"info","message":"Crypti started: 0.0.0.0:6040","timestamp":"2014-05-24T12:47:01.193Z"}
{"level":"info","message":"Account unlocked: 12965745748282895962C","timestamp":"2014-05-24T12:47:08.620Z"}
